# JRE version: OpenJDK Runtime Environment (8.0_112-b06) (build 1.8.0_112-release-b06)
# Java VM: OpenJDK 64-Bit Server VM (25.112-b06 mixed mode windows-amd64 compressed oops)
Heap:
 PSYoungGen      total 113152K, used 86400K [0x00000000e0000000, 0x00000000e8280000, 0x0000000100000000)
  eden space 103936K, 74% used [0x00000000e0000000,0x00000000e4b6b9f0,0x00000000e6580000)
  from space 9216K, 99% used [0x00000000e7980000,0x00000000e82747f8,0x00000000e8280000)
  to   space 11776K, 0% used [0x00000000e6b80000,0x00000000e6b80000,0x00000000e7700000)
 ParOldGen       total 87552K, used 14457K [0x00000000a0000000, 0x00000000a5580000, 0x00000000e0000000)
  object space 87552K, 16% used [0x00000000a0000000,0x00000000a0e1e708,0x00000000a5580000)
 Metaspace       used 45660K, capacity 46774K, committed 46848K, reserved 1089536K
  class space    used 6134K, capacity 6398K, committed 6400K, reserved 1048576K
GC Heap History (10 events):
Event: 6.156 GC heap before
{Heap before GC invocations=8 (full 1):
 PSYoungGen      total 60416K, used 56429K [0x00000000e0000000, 0x00000000e4600000, 0x0000000100000000)
  eden space 51200K, 100% used [0x00000000e0000000,0x00000000e3200000,0x00000000e3200000)
  from space 9216K, 56% used [0x00000000e3d00000,0x00000000e421b5c8,0x00000000e4600000)
  to   space 10240K, 0% used [0x00000000e3200000,0x00000000e3200000,0x00000000e3c00000)
 ParOldGen       total 61440K, used 9076K [0x00000000a0000000, 0x00000000a3c00000, 0x00000000e0000000)
  object space 61440K, 14% used [0x00000000a0000000,0x00000000a08dd108,0x00000000a3c00000)
 Metaspace       used 28912K, capacity 29356K, committed 29696K, reserved 1075200K
  class space    used 3906K, capacity 4049K, committed 4096K, reserved 1048576K
Event: 6.170 GC heap after
Heap after GC invocations=8 (full 1):
 PSYoungGen      total 61440K, used 5580K [0x00000000e0000000, 0x00000000e6180000, 0x0000000100000000)
  eden space 51200K, 0% used [0x00000000e0000000,0x00000000e0000000,0x00000000e3200000)
  from space 10240K, 54% used [0x00000000e3200000,0x00000000e37733e0,0x00000000e3c00000)
  to   space 9728K, 0% used [0x00000000e5800000,0x00000000e5800000,0x00000000e6180000)
 ParOldGen       total 61440K, used 9076K [0x00000000a0000000, 0x00000000a3c00000, 0x00000000e0000000)
  object space 61440K, 14% used [0x00000000a0000000,0x00000000a08dd108,0x00000000a3c00000)
 Metaspace       used 28912K, capacity 29356K, committed 29696K, reserved 1075200K
  class space    used 3906K, capacity 4049K, committed 4096K, reserved 1048576K
}
Event: 7.285 GC heap before
{Heap before GC invocations=9 (full 1):
 PSYoungGen      total 61440K, used 56780K [0x00000000e0000000, 0x00000000e6180000, 0x0000000100000000)
  eden space 51200K, 100% used [0x00000000e0000000,0x00000000e3200000,0x00000000e3200000)
  from space 10240K, 54% used [0x00000000e3200000,0x00000000e37733e0,0x00000000e3c00000)
  to   space 9728K, 0% used [0x00000000e5800000,0x00000000e5800000,0x00000000e6180000)
 ParOldGen       total 61440K, used 9076K [0x00000000a0000000, 0x00000000a3c00000, 0x00000000e0000000)
  object space 61440K, 14% used [0x00000000a0000000,0x00000000a08dd108,0x00000000a3c00000)
 Metaspace       used 33946K, capacity 34536K, committed 34688K, reserved 1079296K
  class space    used 4533K, capacity 4716K, committed 4736K, reserved 1048576K
Event: 7.305 GC heap after
Heap after GC invocations=9 (full 1):
 PSYoungGen      total 88576K, used 9711K [0x00000000e0000000, 0x00000000e6600000, 0x0000000100000000)
  eden space 78848K, 0% used [0x00000000e0000000,0x00000000e0000000,0x00000000e4d00000)
  from space 9728K, 99% used [0x00000000e5800000,0x00000000e617bd68,0x00000000e6180000)
  to   space 11264K, 0% used [0x00000000e4d00000,0x00000000e4d00000,0x00000000e5800000)
 ParOldGen       total 61440K, used 9761K [0x00000000a0000000, 0x00000000a3c00000, 0x00000000e0000000)
  object space 61440K, 15% used [0x00000000a0000000,0x00000000a0988720,0x00000000a3c00000)
 Metaspace       used 33946K, capacity 34536K, committed 34688K, reserved 1079296K
  class space    used 4533K, capacity 4716K, committed 4736K, reserved 1048576K
}
Event: 7.638 GC heap before
{Heap before GC invocations=10 (full 1):
 PSYoungGen      total 88576K, used 39592K [0x00000000e0000000, 0x00000000e6600000, 0x0000000100000000)
  eden space 78848K, 37% used [0x00000000e0000000,0x00000000e1d2e590,0x00000000e4d00000)
  from space 9728K, 99% used [0x00000000e5800000,0x00000000e617bd68,0x00000000e6180000)
  to   space 11264K, 0% used [0x00000000e4d00000,0x00000000e4d00000,0x00000000e5800000)
 ParOldGen       total 61440K, used 9761K [0x00000000a0000000, 0x00000000a3c00000, 0x00000000e0000000)
  object space 61440K, 15% used [0x00000000a0000000,0x00000000a0988720,0x00000000a3c00000)
 Metaspace       used 34782K, capacity 35348K, committed 35496K, reserved 1079296K
  class space    used 4634K, capacity 4814K, committed 4864K, reserved 1048576K
Event: 7.656 GC heap after
Heap after GC invocations=10 (full 1):
 PSYoungGen      total 90112K, used 4730K [0x00000000e0000000, 0x00000000e8480000, 0x0000000100000000)
  eden space 78848K, 0% used [0x00000000e0000000,0x00000000e0000000,0x00000000e4d00000)
  from space 11264K, 42% used [0x00000000e4d00000,0x00000000e519eba8,0x00000000e5800000)
  to   space 11264K, 0% used [0x00000000e7980000,0x00000000e7980000,0x00000000e8480000)
 ParOldGen       total 61440K, used 13058K [0x00000000a0000000, 0x00000000a3c00000, 0x00000000e0000000)
  object space 61440K, 21% used [0x00000000a0000000,0x00000000a0cc0a90,0x00000000a3c00000)
 Metaspace       used 34782K, capacity 35348K, committed 35496K, reserved 1079296K
  class space    used 4634K, capacity 4814K, committed 4864K, reserved 1048576K
}
Event: 7.656 GC heap before
{Heap before GC invocations=11 (full 2):
 PSYoungGen      total 90112K, used 4730K [0x00000000e0000000, 0x00000000e8480000, 0x0000000100000000)
  eden space 78848K, 0% used [0x00000000e0000000,0x00000000e0000000,0x00000000e4d00000)
  from space 11264K, 42% used [0x00000000e4d00000,0x00000000e519eba8,0x00000000e5800000)
  to   space 11264K, 0% used [0x00000000e7980000,0x00000000e7980000,0x00000000e8480000)
 ParOldGen       total 61440K, used 13058K [0x00000000a0000000, 0x00000000a3c00000, 0x00000000e0000000)
  object space 61440K, 21% used [0x00000000a0000000,0x00000000a0cc0a90,0x00000000a3c00000)
 Metaspace       used 34782K, capacity 35348K, committed 35496K, reserved 1079296K
  class space    used 4634K, capacity 4814K, committed 4864K, reserved 1048576K
Event: 7.757 GC heap after
Heap after GC invocations=11 (full 2):
 PSYoungGen      total 90112K, used 0K [0x00000000e0000000, 0x00000000e8480000, 0x0000000100000000)
  eden space 78848K, 0% used [0x00000000e0000000,0x00000000e0000000,0x00000000e4d00000)
  from space 11264K, 0% used [0x00000000e4d00000,0x00000000e4d00000,0x00000000e5800000)
  to   space 11264K, 0% used [0x00000000e7980000,0x00000000e7980000,0x00000000e8480000)
 ParOldGen       total 87552K, used 14449K [0x00000000a0000000, 0x00000000a5580000, 0x00000000e0000000)
  object space 87552K, 16% used [0x00000000a0000000,0x00000000a0e1c708,0x00000000a5580000)
 Metaspace       used 34782K, capacity 35348K, committed 35496K, reserved 1079296K
  class space    used 4634K, capacity 4814K, committed 4864K, reserved 1048576K
}
Event: 8.869 GC heap before
{Heap before GC invocations=12 (full 2):
 PSYoungGen      total 90112K, used 78848K [0x00000000e0000000, 0x00000000e8480000, 0x0000000100000000)
  eden space 78848K, 100% used [0x00000000e0000000,0x00000000e4d00000,0x00000000e4d00000)
  from space 11264K, 0% used [0x00000000e4d00000,0x00000000e4d00000,0x00000000e5800000)
  to   space 11264K, 0% used [0x00000000e7980000,0x00000000e7980000,0x00000000e8480000)
 ParOldGen       total 87552K, used 14449K [0x00000000a0000000, 0x00000000a5580000, 0x00000000e0000000)
  object space 87552K, 16% used [0x00000000a0000000,0x00000000a0e1c708,0x00000000a5580000)
 Metaspace       used 42074K, capacity 42802K, committed 43008K, reserved 1087488K
  class space    used 5621K, capacity 5836K, committed 5888K, reserved 1048576K
Event: 8.880 GC heap after
Heap after GC invocations=12 (full 2):
 PSYoungGen      total 113152K, used 9169K [0x00000000e0000000, 0x00000000e8280000, 0x0000000100000000)
  eden space 103936K, 0% used [0x00000000e0000000,0x00000000e0000000,0x00000000e6580000)
  from space 9216K, 99% used [0x00000000e7980000,0x00000000e82747f8,0x00000000e8280000)
  to   space 11776K, 0% used [0x00000000e6b80000,0x00000000e6b80000,0x00000000e7700000)
 ParOldGen       total 87552K, used 14457K [0x00000000a0000000, 0x00000000a5580000, 0x00000000e0000000)
  object space 87552K, 16% used [0x00000000a0000000,0x00000000a0e1e708,0x00000000a5580000)
 Metaspace       used 42074K, capacity 42802K, committed 43008K, reserved 1087488K
  class space    used 5621K, capacity 5836K, committed 5888K, reserved 1048576K
}

