# JRE version: OpenJDK Runtime Environment (8.0_112-b06) (build 1.8.0_112-release-b06)
# Java VM: OpenJDK 64-Bit Server VM (25.112-b06 mixed mode windows-amd64 compressed oops)
Heap:
 PSYoungGen      total 125952K, used 84032K [0x00000000e0000000, 0x00000000e9180000, 0x0000000100000000)
  eden space 113664K, 65% used [0x00000000e0000000,0x00000000e48d78d0,0x00000000e6f00000)
  from space 12288K, 76% used [0x00000000e7b00000,0x00000000e8438a98,0x00000000e8700000)
  to   space 12288K, 0% used [0x00000000e6f00000,0x00000000e6f00000,0x00000000e7b00000)
 ParOldGen       total 104960K, used 17652K [0x00000000a0000000, 0x00000000a6680000, 0x00000000e0000000)
  object space 104960K, 16% used [0x00000000a0000000,0x00000000a113d2e8,0x00000000a6680000)
 Metaspace       used 46033K, capacity 47292K, committed 47488K, reserved 1089536K
  class space    used 6220K, capacity 6491K, committed 6528K, reserved 1048576K
GC Heap History (10 events):
Event: 16.349 GC heap before
{Heap before GC invocations=6 (full 1):
 PSYoungGen      total 71680K, used 66560K [0x00000000e0000000, 0x00000000e4b00000, 0x0000000100000000)
  eden space 66560K, 100% used [0x00000000e0000000,0x00000000e4100000,0x00000000e4100000)
  from space 5120K, 0% used [0x00000000e4600000,0x00000000e4600000,0x00000000e4b00000)
  to   space 5120K, 0% used [0x00000000e4100000,0x00000000e4100000,0x00000000e4600000)
 ParOldGen       total 66048K, used 9054K [0x00000000a0000000, 0x00000000a4080000, 0x00000000e0000000)
  object space 66048K, 13% used [0x00000000a0000000,0x00000000a08d7838,0x00000000a4080000)
 Metaspace       used 26072K, capacity 26444K, committed 26752K, reserved 1073152K
  class space    used 3591K, capacity 3697K, committed 3712K, reserved 1048576K
Event: 16.355 GC heap after
Heap after GC invocations=6 (full 1):
 PSYoungGen      total 71680K, used 5091K [0x00000000e0000000, 0x00000000e6f80000, 0x0000000100000000)
  eden space 66560K, 0% used [0x00000000e0000000,0x00000000e0000000,0x00000000e4100000)
  from space 5120K, 99% used [0x00000000e4100000,0x00000000e45f8ed0,0x00000000e4600000)
  to   space 10752K, 0% used [0x00000000e6500000,0x00000000e6500000,0x00000000e6f80000)
 ParOldGen       total 66048K, used 11899K [0x00000000a0000000, 0x00000000a4080000, 0x00000000e0000000)
  object space 66048K, 18% used [0x00000000a0000000,0x00000000a0b9efb0,0x00000000a4080000)
 Metaspace       used 26072K, capacity 26444K, committed 26752K, reserved 1073152K
  class space    used 3591K, capacity 3697K, committed 3712K, reserved 1048576K
}
Event: 23.082 GC heap before
{Heap before GC invocations=7 (full 1):
 PSYoungGen      total 71680K, used 71651K [0x00000000e0000000, 0x00000000e6f80000, 0x0000000100000000)
  eden space 66560K, 100% used [0x00000000e0000000,0x00000000e4100000,0x00000000e4100000)
  from space 5120K, 99% used [0x00000000e4100000,0x00000000e45f8ed0,0x00000000e4600000)
  to   space 10752K, 0% used [0x00000000e6500000,0x00000000e6500000,0x00000000e6f80000)
 ParOldGen       total 66048K, used 11899K [0x00000000a0000000, 0x00000000a4080000, 0x00000000e0000000)
  object space 66048K, 18% used [0x00000000a0000000,0x00000000a0b9efb0,0x00000000a4080000)
 Metaspace       used 29503K, capacity 29922K, committed 30080K, reserved 1075200K
  class space    used 4005K, capacity 4151K, committed 4224K, reserved 1048576K
Event: 23.091 GC heap after
Heap after GC invocations=7 (full 1):
 PSYoungGen      total 95232K, used 6625K [0x00000000e0000000, 0x00000000e6b80000, 0x0000000100000000)
  eden space 88576K, 0% used [0x00000000e0000000,0x00000000e0000000,0x00000000e5680000)
  from space 6656K, 99% used [0x00000000e6500000,0x00000000e6b78678,0x00000000e6b80000)
  to   space 10240K, 0% used [0x00000000e5780000,0x00000000e5780000,0x00000000e6180000)
 ParOldGen       total 66048K, used 11899K [0x00000000a0000000, 0x00000000a4080000, 0x00000000e0000000)
  object space 66048K, 18% used [0x00000000a0000000,0x00000000a0b9efb0,0x00000000a4080000)
 Metaspace       used 29503K, capacity 29922K, committed 30080K, reserved 1075200K
  class space    used 4005K, capacity 4151K, committed 4224K, reserved 1048576K
}
Event: 26.488 GC heap before
{Heap before GC invocations=8 (full 1):
 PSYoungGen      total 95232K, used 75639K [0x00000000e0000000, 0x00000000e6b80000, 0x0000000100000000)
  eden space 88576K, 77% used [0x00000000e0000000,0x00000000e43655d8,0x00000000e5680000)
  from space 6656K, 99% used [0x00000000e6500000,0x00000000e6b78678,0x00000000e6b80000)
  to   space 10240K, 0% used [0x00000000e5780000,0x00000000e5780000,0x00000000e6180000)
 ParOldGen       total 66048K, used 11899K [0x00000000a0000000, 0x00000000a4080000, 0x00000000e0000000)
  object space 66048K, 18% used [0x00000000a0000000,0x00000000a0b9efb0,0x00000000a4080000)
 Metaspace       used 34813K, capacity 35348K, committed 35496K, reserved 1079296K
  class space    used 4651K, capacity 4814K, committed 4864K, reserved 1048576K
Event: 26.497 GC heap after
Heap after GC invocations=8 (full 1):
 PSYoungGen      total 99840K, used 10208K [0x00000000e0000000, 0x00000000e8700000, 0x0000000100000000)
  eden space 89600K, 0% used [0x00000000e0000000,0x00000000e0000000,0x00000000e5780000)
  from space 10240K, 99% used [0x00000000e5780000,0x00000000e61781b8,0x00000000e6180000)
  to   space 12288K, 0% used [0x00000000e7b00000,0x00000000e7b00000,0x00000000e8700000)
 ParOldGen       total 66048K, used 13205K [0x00000000a0000000, 0x00000000a4080000, 0x00000000e0000000)
  object space 66048K, 19% used [0x00000000a0000000,0x00000000a0ce5720,0x00000000a4080000)
 Metaspace       used 34813K, capacity 35348K, committed 35496K, reserved 1079296K
  class space    used 4651K, capacity 4814K, committed 4864K, reserved 1048576K
}
Event: 26.497 GC heap before
{Heap before GC invocations=9 (full 2):
 PSYoungGen      total 99840K, used 10208K [0x00000000e0000000, 0x00000000e8700000, 0x0000000100000000)
  eden space 89600K, 0% used [0x00000000e0000000,0x00000000e0000000,0x00000000e5780000)
  from space 10240K, 99% used [0x00000000e5780000,0x00000000e61781b8,0x00000000e6180000)
  to   space 12288K, 0% used [0x00000000e7b00000,0x00000000e7b00000,0x00000000e8700000)
 ParOldGen       total 66048K, used 13205K [0x00000000a0000000, 0x00000000a4080000, 0x00000000e0000000)
  object space 66048K, 19% used [0x00000000a0000000,0x00000000a0ce5720,0x00000000a4080000)
 Metaspace       used 34813K, capacity 35348K, committed 35496K, reserved 1079296K
  class space    used 4651K, capacity 4814K, committed 4864K, reserved 1048576K
Event: 26.553 GC heap after
Heap after GC invocations=9 (full 2):
 PSYoungGen      total 99840K, used 0K [0x00000000e0000000, 0x00000000e8700000, 0x0000000100000000)
  eden space 89600K, 0% used [0x00000000e0000000,0x00000000e0000000,0x00000000e5780000)
  from space 10240K, 0% used [0x00000000e5780000,0x00000000e5780000,0x00000000e6180000)
  to   space 12288K, 0% used [0x00000000e7b00000,0x00000000e7b00000,0x00000000e8700000)
 ParOldGen       total 104960K, used 17644K [0x00000000a0000000, 0x00000000a6680000, 0x00000000e0000000)
  object space 104960K, 16% used [0x00000000a0000000,0x00000000a113b2e8,0x00000000a6680000)
 Metaspace       used 34813K, capacity 35348K, committed 35496K, reserved 1079296K
  class space    used 4651K, capacity 4814K, committed 4864K, reserved 1048576K
}
Event: 28.220 GC heap before
{Heap before GC invocations=10 (full 2):
 PSYoungGen      total 99840K, used 89600K [0x00000000e0000000, 0x00000000e8700000, 0x0000000100000000)
  eden space 89600K, 100% used [0x00000000e0000000,0x00000000e5780000,0x00000000e5780000)
  from space 10240K, 0% used [0x00000000e5780000,0x00000000e5780000,0x00000000e6180000)
  to   space 12288K, 0% used [0x00000000e7b00000,0x00000000e7b00000,0x00000000e8700000)
 ParOldGen       total 104960K, used 17644K [0x00000000a0000000, 0x00000000a6680000, 0x00000000e0000000)
  object space 104960K, 16% used [0x00000000a0000000,0x00000000a113b2e8,0x00000000a6680000)
 Metaspace       used 42317K, capacity 43104K, committed 43264K, reserved 1087488K
  class space    used 5661K, capacity 5859K, committed 5888K, reserved 1048576K
Event: 28.228 GC heap after
Heap after GC invocations=10 (full 2):
 PSYoungGen      total 125952K, used 9442K [0x00000000e0000000, 0x00000000e9180000, 0x0000000100000000)
  eden space 113664K, 0% used [0x00000000e0000000,0x00000000e0000000,0x00000000e6f00000)
  from space 12288K, 76% used [0x00000000e7b00000,0x00000000e8438a98,0x00000000e8700000)
  to   space 12288K, 0% used [0x00000000e6f00000,0x00000000e6f00000,0x00000000e7b00000)
 ParOldGen       total 104960K, used 17652K [0x00000000a0000000, 0x00000000a6680000, 0x00000000e0000000)
  object space 104960K, 16% used [0x00000000a0000000,0x00000000a113d2e8,0x00000000a6680000)
 Metaspace       used 42317K, capacity 43104K, committed 43264K, reserved 1087488K
  class space    used 5661K, capacity 5859K, committed 5888K, reserved 1048576K
}

